--- Startup times for process: Primary (or UI client) ---

times in msec
 clock   self+sourced   self:  sourced script
 clock   elapsed:              other lines

000.000  000.000: --- NVIM STARTING ---
000.188  000.188: event init
000.292  000.103: early init
000.336  000.044: locale set
000.393  000.057: init first window
000.829  000.436: inits 1
000.850  000.021: window checked
000.852  000.003: parsing arguments
001.468  000.056  000.056: require('vim.shared')
001.589  000.047  000.047: require('vim.inspect')
001.661  000.062  000.062: require('vim._options')
001.671  000.199  000.089: require('vim._editor')
001.706  000.034  000.034: require('vim._system')
001.707  000.322  000.034: require('vim._init_packages')
001.709  000.534: init lua interpreter
002.837  001.128: nvim_ui_attach
003.264  000.427: nvim_set_client_info
003.267  000.002: --- NVIM STARTED ---

--- Startup times for process: Embedded ---

times in msec
 clock   self+sourced   self:  sourced script
 clock   elapsed:              other lines

000.000  000.000: --- NVIM STARTING ---
000.173  000.173: event init
000.265  000.092: early init
000.305  000.041: locale set
000.360  000.054: init first window
000.763  000.404: inits 1
000.793  000.030: window checked
000.795  000.003: parsing arguments
001.422  000.074  000.074: require('vim.shared')
001.544  000.049  000.049: require('vim.inspect')
001.607  000.053  000.053: require('vim._options')
001.616  000.190  000.087: require('vim._editor')
001.653  000.036  000.036: require('vim._system')
001.655  000.339  000.039: require('vim._init_packages')
001.656  000.522: init lua interpreter
001.744  000.087: expanding arguments
001.776  000.032: inits 2
002.111  000.335: init highlight
002.112  000.001: waiting for UI
002.282  000.170: done waiting for UI
002.291  000.009: clear screen
002.519  000.021  000.021: require('vim.keymap')
003.567  000.190  000.190: sourcing nvim_exec2()
003.716  001.422  001.210: require('vim._defaults')
003.719  000.006: init default mappings & autocommands
004.239  000.054  000.054: sourcing /home/anhtr13/.local/share/bob/nightly/share/nvim/runtime/ftplugin.vim
004.334  000.031  000.031: sourcing /home/anhtr13/.local/share/bob/nightly/share/nvim/runtime/indent.vim
006.098  000.110  000.110: require('vim._async')
006.430  000.327  000.327: require('vim.version')
006.895  001.887  001.450: require('vim.pack')
006.940  000.034  000.034: require('vim.fs')
007.023  000.008  000.008: require('vim.F')
011.878  003.232  003.232: require('mini.icons')
014.734  000.083  000.083: require('vim.func')
014.902  000.114  000.114: require('vim.func._memoize')
014.917  001.579  001.383: require('fzf-lua.utils')
015.747  000.208  000.208: require('fzf-lua.lib.base64')
016.207  000.456  000.456: require('fzf-lua.lib.serpent')
016.213  001.294  000.631: require('fzf-lua.libuv')
016.225  003.451  000.578: require('fzf-lua.path')
018.919  001.676  001.676: require('fzf-lua.actions')
019.586  000.097  000.097: require('fzf-lua.class')
019.627  000.701  000.604: require('fzf-lua.devicons')
021.500  000.148  000.148: require('fzf-lua.previewer')
022.033  002.400  002.252: require('fzf-lua.defaults')
022.045  005.818  001.041: require('fzf-lua.config')
022.198  000.029  000.029: sourcing /home/anhtr13/.local/share/nvim/site/pack/core/opt/fzf-lua/autoload/fzf_lua.vim
022.204  000.089  000.060: sourcing nvim_exec2() called at /home/anhtr13/.config/nvim/init.lua:0
024.206  001.554  001.554: require('fzf-lua.win')
025.317  000.183  000.183: require('fzf-lua.fzf')
025.735  000.414  000.414: require('fzf-lua.shell')
025.747  001.537  000.939: require('fzf-lua.core')
026.406  000.655  000.655: require('fzf-lua.make_entry')
026.418  014.466  001.363: require('fzf-lua')
028.294  001.032  001.032: require('oil')
028.366  000.068  000.068: require('oil.ringbuf')
028.621  000.252  000.252: require('oil.config')
031.021  002.314  002.314: require('vim.filetype')
032.312  000.181  000.181: require('oil.log')
032.339  000.618  000.438: require('oil.fs')
033.493  000.043  000.043: require('oil.constants')
033.528  001.187  001.143: require('oil.util')
033.911  000.056  000.056: require('oil-git-status.system')
033.925  000.394  000.339: require('oil-git-status')
034.029  000.066  000.066: require('which-key')
034.263  000.231  000.231: require('which-key.config')
034.304  029.835  004.048: require('plugin')
035.789  001.031  001.031: sourcing /home/anhtr13/.local/share/bob/nightly/share/nvim/runtime/colors/vim.lua
036.668  001.955  000.924: sourcing /home/anhtr13/.local/share/bob/nightly/share/nvim/runtime/colors/lunaperche.vim
039.554  000.954  000.954: require('vim.lsp.protocol')
039.619  001.231  000.277: require('vim.lsp.log')
041.287  001.660  001.660: require('vim.lsp.util')
041.890  000.259  000.259: require('vim.lsp.sync')
041.898  000.601  000.343: require('vim.lsp._changetracking')
042.579  000.194  000.194: require('vim.lsp._transport')
042.699  000.008  000.008: require('string.buffer')
042.702  000.120  000.112: require('vim._stringbuffer')
042.769  000.867  000.553: require('vim.lsp.rpc')
042.870  005.765  001.405: require('vim.lsp')
043.929  001.055  001.055: require('vim.lsp.buf')
046.056  001.802  001.802: require('vim.diagnostic')
046.065  011.759  001.182: require('config')
049.561  003.494  003.494: require('lsp')
049.569  045.131  000.043: sourcing /home/anhtr13/.config/nvim/init.lua
049.581  000.646: sourcing vimrc file(s)
049.954  000.026  000.026: sourcing /usr/share/nvim/site/ftdetect/ghostty.vim
049.978  000.179  000.153: sourcing nvim_exec2() called at /home/anhtr13/.local/share/bob/nightly/share/nvim/runtime/filetype.lua:0
049.981  000.286  000.108: sourcing /home/anhtr13/.local/share/bob/nightly/share/nvim/runtime/filetype.lua
050.231  000.093  000.093: sourcing /home/anhtr13/.local/share/bob/nightly/share/nvim/runtime/syntax/synload.vim
050.327  000.290  000.197: sourcing /home/anhtr13/.local/share/bob/nightly/share/nvim/runtime/syntax/syntax.vim
050.654  000.034  000.034: sourcing /home/anhtr13/.local/share/nvim/site/pack/core/opt/which-key.nvim/plugin/which-key.lua
050.857  000.072  000.072: sourcing /home/anhtr13/.local/share/nvim/site/pack/core/opt/fzf-lua/plugin/fzf-lua.lua
051.714  000.208  000.208: sourcing /home/anhtr13/.local/share/bob/nightly/share/nvim/runtime/plugin/gzip.vim
052.603  000.267  000.267: sourcing /home/anhtr13/.local/share/bob/nightly/share/nvim/runtime/pack/dist/opt/matchit/plugin/matchit.vim
052.687  000.906  000.639: sourcing /home/anhtr13/.local/share/bob/nightly/share/nvim/runtime/plugin/matchit.vim
052.881  000.146  000.146: sourcing /home/anhtr13/.local/share/bob/nightly/share/nvim/runtime/plugin/matchparen.vim
052.938  000.011  000.011: sourcing /home/anhtr13/.local/share/bob/nightly/share/nvim/runtime/plugin/netrwPlugin.vim
053.135  000.154  000.154: sourcing /home/anhtr13/.local/share/bob/nightly/share/nvim/runtime/plugin/rplugin.vim
053.304  000.131  000.131: sourcing /home/anhtr13/.local/share/bob/nightly/share/nvim/runtime/plugin/tarPlugin.vim
053.380  000.026  000.026: sourcing /home/anhtr13/.local/share/bob/nightly/share/nvim/runtime/plugin/tutor.vim
053.645  000.184  000.184: sourcing /home/anhtr13/.local/share/bob/nightly/share/nvim/runtime/plugin/zipPlugin.vim
053.773  000.083  000.083: sourcing /home/anhtr13/.local/share/bob/nightly/share/nvim/runtime/plugin/editorconfig.lua
053.973  000.147  000.147: sourcing /home/anhtr13/.local/share/bob/nightly/share/nvim/runtime/plugin/man.lua
054.157  000.129  000.129: sourcing /home/anhtr13/.local/share/bob/nightly/share/nvim/runtime/plugin/nvim/net.lua
054.263  000.060  000.060: sourcing /home/anhtr13/.local/share/bob/nightly/share/nvim/runtime/plugin/nvim/spellfile.lua
054.435  000.130  000.130: sourcing /home/anhtr13/.local/share/bob/nightly/share/nvim/runtime/plugin/osc52.lua
054.625  000.141  000.141: sourcing /home/anhtr13/.local/share/bob/nightly/share/nvim/runtime/plugin/shada.lua
054.727  000.047  000.047: sourcing /home/anhtr13/.local/share/bob/nightly/share/nvim/runtime/plugin/tohtml.lua
054.752  001.986: loading rtp plugins
054.905  000.154: loading packages
055.279  000.374: loading after plugins
055.295  000.016: inits 3
058.184  002.888: reading ShaDa
058.269  000.085: opening buffers
058.326  000.057: BufEnter autocommands
058.329  000.002: editing files in windows
058.356  000.027: VimEnter autocommands
058.384  000.028: UIEnter autocommands
058.386  000.002: before starting main loop
063.246  004.860: first screen update
063.251  000.005: --- NVIM STARTED ---

--- Startup times for process: Primary (or UI client) ---

times in msec
 clock   self+sourced   self:  sourced script
 clock   elapsed:              other lines

000.001  000.001: --- NVIM STARTING ---
000.231  000.230: event init
000.346  000.116: early init
000.394  000.048: locale set
000.462  000.067: init first window
000.930  000.469: inits 1
000.955  000.024: window checked
000.957  000.003: parsing arguments
001.711  000.063  000.063: require('vim.shared')
001.864  000.061  000.061: require('vim.inspect')
001.944  000.066  000.066: require('vim._options')
001.954  000.238  000.112: require('vim._editor')
002.000  000.044  000.044: require('vim._system')
002.002  000.390  000.045: require('vim._init_packages')
002.005  000.657: init lua interpreter
004.345  002.341: nvim_ui_attach
004.830  000.485: nvim_set_client_info
004.833  000.003: --- NVIM STARTED ---

--- Startup times for process: Embedded ---

times in msec
 clock   self+sourced   self:  sourced script
 clock   elapsed:              other lines

000.001  000.001: --- NVIM STARTING ---
000.220  000.220: event init
000.366  000.146: early init
000.421  000.055: locale set
000.492  000.071: init first window
001.005  000.513: inits 1
001.042  000.038: window checked
001.046  000.003: parsing arguments
001.875  000.071  000.071: require('vim.shared')
002.024  000.060  000.060: require('vim.inspect')
002.104  000.066  000.066: require('vim._options')
002.115  000.235  000.109: require('vim._editor')
002.157  000.040  000.040: require('vim._system')
002.159  000.386  000.040: require('vim._init_packages')
002.161  000.729: init lua interpreter
002.250  000.089: expanding arguments
002.289  000.040: inits 2
002.711  000.422: init highlight
002.713  000.002: waiting for UI
002.937  000.224: done waiting for UI
002.945  000.008: clear screen
003.207  000.021  000.021: require('vim.keymap')
004.438  000.176  000.176: sourcing nvim_exec2()
004.571  001.623  001.425: require('vim._defaults')
004.573  000.005: init default mappings & autocommands
005.078  000.049  000.049: sourcing /home/anhtr13/.local/share/bob/nightly/share/nvim/runtime/ftplugin.vim
005.170  000.030  000.030: sourcing /home/anhtr13/.local/share/bob/nightly/share/nvim/runtime/indent.vim
006.886  000.108  000.108: require('vim._async')
007.238  000.344  000.344: require('vim.version')
007.738  001.925  001.473: require('vim.pack')
007.785  000.035  000.035: require('vim.fs')
007.866  000.005  000.005: require('vim.F')
012.781  003.139  003.139: require('mini.icons')
016.076  000.081  000.081: require('vim.func')
016.242  000.115  000.115: require('vim.func._memoize')
016.254  001.533  001.336: require('fzf-lua.utils')
017.081  000.211  000.211: require('fzf-lua.lib.base64')
017.590  000.505  000.505: require('fzf-lua.lib.serpent')
017.597  001.341  000.625: require('fzf-lua.libuv')
017.609  003.790  000.916: require('fzf-lua.path')
020.090  001.382  001.382: require('fzf-lua.actions')
020.702  000.110  000.110: require('fzf-lua.class')
020.736  000.641  000.531: require('fzf-lua.devicons')
022.430  000.138  000.138: require('fzf-lua.previewer')
022.907  002.166  002.028: require('fzf-lua.defaults')
022.918  005.306  001.118: require('fzf-lua.config')
023.035  000.027  000.027: sourcing /home/anhtr13/.local/share/nvim/site/pack/core/opt/fzf-lua/autoload/fzf_lua.vim
023.041  000.083  000.055: sourcing nvim_exec2() called at /home/anhtr13/.config/nvim/init.lua:0
024.942  001.488  001.488: require('fzf-lua.win')
026.178  000.210  000.210: require('fzf-lua.fzf')
026.647  000.461  000.461: require('fzf-lua.shell')
026.666  001.718  001.047: require('fzf-lua.core')
027.372  000.700  000.700: require('fzf-lua.make_entry')
027.388  014.367  001.282: require('fzf-lua')
029.313  001.040  001.040: require('oil')
029.387  000.069  000.069: require('oil.ringbuf')
029.636  000.246  000.246: require('oil.config')
032.239  002.443  002.443: require('vim.filetype')
033.667  000.210  000.210: require('oil.log')
033.697  000.729  000.519: require('oil.fs')
035.094  000.049  000.049: require('oil.constants')
035.151  001.452  001.403: require('oil.util')
035.603  000.055  000.055: require('oil-git-status.system')
035.643  000.488  000.434: require('oil-git-status')
035.817  000.073  000.073: require('which-key')
036.048  000.228  000.228: require('which-key.config')
036.143  030.861  004.620: require('plugin')
037.773  001.094  001.094: sourcing /home/anhtr13/.local/share/bob/nightly/share/nvim/runtime/colors/vim.lua
038.415  001.800  000.706: sourcing /home/anhtr13/.local/share/bob/nightly/share/nvim/runtime/colors/lunaperche.vim
040.170  001.572  001.572: require('vim.diagnostic')
042.673  000.793  000.793: require('vim.lsp.protocol')
042.723  001.007  000.214: require('vim.lsp.log')
044.169  001.441  001.441: require('vim.lsp.util')
044.649  000.219  000.219: require('vim.lsp.sync')
044.657  000.484  000.266: require('vim.lsp._changetracking')
045.220  000.155  000.155: require('vim.lsp._transport')
045.333  000.006  000.006: require('string.buffer')
045.336  000.113  000.107: require('vim._stringbuffer')
045.383  000.723  000.455: require('vim.lsp.rpc')
045.465  004.913  001.257: require('vim.lsp')
046.387  000.919  000.919: require('vim.lsp.buf')
046.640  010.495  001.291: require('config')
049.758  003.115  003.115: require('lsp')
049.766  044.506  000.035: sourcing /home/anhtr13/.config/nvim/init.lua
049.776  000.619: sourcing vimrc file(s)
050.110  000.021  000.021: sourcing /usr/share/nvim/site/ftdetect/ghostty.vim
050.131  000.155  000.134: sourcing nvim_exec2() called at /home/anhtr13/.local/share/bob/nightly/share/nvim/runtime/filetype.lua:0
050.133  000.253  000.098: sourcing /home/anhtr13/.local/share/bob/nightly/share/nvim/runtime/filetype.lua
050.363  000.079  000.079: sourcing /home/anhtr13/.local/share/bob/nightly/share/nvim/runtime/syntax/synload.vim
050.445  000.260  000.181: sourcing /home/anhtr13/.local/share/bob/nightly/share/nvim/runtime/syntax/syntax.vim
050.739  000.033  000.033: sourcing /home/anhtr13/.local/share/nvim/site/pack/core/opt/which-key.nvim/plugin/which-key.lua
050.917  000.058  000.058: sourcing /home/anhtr13/.local/share/nvim/site/pack/core/opt/fzf-lua/plugin/fzf-lua.lua
051.605  000.219  000.219: sourcing /home/anhtr13/.local/share/bob/nightly/share/nvim/runtime/plugin/gzip.vim
052.416  000.173  000.173: sourcing /home/anhtr13/.local/share/bob/nightly/share/nvim/runtime/pack/dist/opt/matchit/plugin/matchit.vim
052.466  000.814  000.641: sourcing /home/anhtr13/.local/share/bob/nightly/share/nvim/runtime/plugin/matchit.vim
052.623  000.121  000.121: sourcing /home/anhtr13/.local/share/bob/nightly/share/nvim/runtime/plugin/matchparen.vim
052.674  000.010  000.010: sourcing /home/anhtr13/.local/share/bob/nightly/share/nvim/runtime/plugin/netrwPlugin.vim
052.853  000.141  000.141: sourcing /home/anhtr13/.local/share/bob/nightly/share/nvim/runtime/plugin/rplugin.vim
052.981  000.091  000.091: sourcing /home/anhtr13/.local/share/bob/nightly/share/nvim/runtime/plugin/tarPlugin.vim
053.037  000.018  000.018: sourcing /home/anhtr13/.local/share/bob/nightly/share/nvim/runtime/plugin/tutor.vim
053.222  000.142  000.142: sourcing /home/anhtr13/.local/share/bob/nightly/share/nvim/runtime/plugin/zipPlugin.vim
053.333  000.070  000.070: sourcing /home/anhtr13/.local/share/bob/nightly/share/nvim/runtime/plugin/editorconfig.lua
053.441  000.071  000.071: sourcing /home/anhtr13/.local/share/bob/nightly/share/nvim/runtime/plugin/man.lua
053.574  000.095  000.095: sourcing /home/anhtr13/.local/share/bob/nightly/share/nvim/runtime/plugin/nvim/net.lua
053.651  000.037  000.037: sourcing /home/anhtr13/.local/share/bob/nightly/share/nvim/runtime/plugin/nvim/spellfile.lua
053.788  000.102  000.102: sourcing /home/anhtr13/.local/share/bob/nightly/share/nvim/runtime/plugin/osc52.lua
053.970  000.143  000.143: sourcing /home/anhtr13/.local/share/bob/nightly/share/nvim/runtime/plugin/shada.lua
054.080  000.056  000.056: sourcing /home/anhtr13/.local/share/bob/nightly/share/nvim/runtime/plugin/tohtml.lua
054.106  001.596: loading rtp plugins
054.276  000.170: loading packages
054.656  000.379: loading after plugins
054.673  000.018: inits 3
057.432  002.758: reading ShaDa
057.541  000.110: opening buffers
057.598  000.057: BufEnter autocommands
057.600  000.003: editing files in windows
057.632  000.031: VimEnter autocommands
057.656  000.024: UIEnter autocommands
057.657  000.002: before starting main loop
062.353  004.696: first screen update
062.361  000.008: --- NVIM STARTED ---

